29 Mar 2020 19:47:49,794 [JavaFX Application Thread] repositories.GameRepoJDBC 86 findAll - Exit with(Connection to database completed!)
29 Mar 2020 19:47:49,798 [JavaFX Application Thread] repositories.GameRepoJDBC 103 findAll - Exit with(Getting all the games!)
29 Mar 2020 19:47:56,863 [JavaFX Application Thread] repositories.GameRepoJDBC 111 findAllSorted - Exit with(Connection to database completed!)
29 Mar 2020 19:47:56,864 [JavaFX Application Thread] repositories.GameRepoJDBC 128 findAllSorted - Exit with(Sorted list of all games)
29 Mar 2020 19:48:09,013 [JavaFX Application Thread] repositories.GameRepoJDBC 66 update - Exit with(The game has been validated!)
29 Mar 2020 19:48:09,013 [JavaFX Application Thread] repositories.GameRepoJDBC 68 update - Exit with(The connection to database is complete!)
29 Mar 2020 19:48:09,021 [JavaFX Application Thread] repositories.GameRepoJDBC 73 update - Exit with(The game has been updated)
29 Mar 2020 19:48:09,022 [JavaFX Application Thread] repositories.GameRepoJDBC 111 findAllSorted - Exit with(Connection to database completed!)
29 Mar 2020 19:48:09,023 [JavaFX Application Thread] repositories.GameRepoJDBC 128 findAllSorted - Exit with(Sorted list of all games)
02 Apr 2020 16:58:01,780 [Thread-0] repositories.GameRepoJDBC 111 findAllSorted - Exit with(Connection to database completed!)
02 Apr 2020 16:58:01,786 [Thread-0] repositories.GameRepoJDBC 128 findAllSorted - Exit with(Sorted list of all games)
02 Apr 2020 17:01:09,692 [Thread-1] repositories.GameRepoJDBC 111 findAllSorted - Exit with(Connection to database completed!)
02 Apr 2020 17:01:09,695 [Thread-1] repositories.GameRepoJDBC 128 findAllSorted - Exit with(Sorted list of all games)
02 Apr 2020 17:05:44,383 [Thread-0] repositories.GameRepoJDBC 111 findAllSorted - Exit with(Connection to database completed!)
02 Apr 2020 17:05:44,386 [Thread-0] repositories.GameRepoJDBC 128 findAllSorted - Exit with(Sorted list of all games)
02 Apr 2020 17:08:49,831 [Thread-0] repositories.GameRepoJDBC 111 findAllSorted - Exit with(Connection to database completed!)
02 Apr 2020 17:08:49,835 [Thread-0] repositories.GameRepoJDBC 128 findAllSorted - Exit with(Sorted list of all games)
02 Apr 2020 17:10:37,421 [Thread-0] repositories.GameRepoJDBC 111 findAllSorted - Exit with(Connection to database completed!)
02 Apr 2020 17:10:37,424 [Thread-0] repositories.GameRepoJDBC 128 findAllSorted - Exit with(Sorted list of all games)
02 Apr 2020 17:15:10,001 [Thread-0] repositories.GameRepoJDBC 111 findAllSorted - Exit with(Connection to database completed!)
02 Apr 2020 17:15:10,006 [Thread-0] repositories.GameRepoJDBC 128 findAllSorted - Exit with(Sorted list of all games)
02 Apr 2020 17:25:36,245 [Thread-0] repositories.GameRepoJDBC 111 findAllSorted - Exit with(Connection to database completed!)
02 Apr 2020 17:25:36,248 [Thread-0] repositories.GameRepoJDBC 128 findAllSorted - Exit with(Sorted list of all games)
02 Apr 2020 17:30:08,979 [Thread-1] repositories.GameRepoJDBC 111 findAllSorted - Exit with(Connection to database completed!)
02 Apr 2020 17:30:08,982 [Thread-1] repositories.GameRepoJDBC 128 findAllSorted - Exit with(Sorted list of all games)
02 Apr 2020 17:31:03,153 [Thread-3] repositories.GameRepoJDBC 111 findAllSorted - Exit with(Connection to database completed!)
02 Apr 2020 17:31:03,155 [Thread-3] repositories.GameRepoJDBC 128 findAllSorted - Exit with(Sorted list of all games)
02 Apr 2020 17:33:05,227 [Thread-4] repositories.GameRepoJDBC 111 findAllSorted - Exit with(Connection to database completed!)
02 Apr 2020 17:33:05,228 [Thread-4] repositories.GameRepoJDBC 128 findAllSorted - Exit with(Sorted list of all games)
02 Apr 2020 17:33:42,621 [Thread-5] repositories.GameRepoJDBC 111 findAllSorted - Exit with(Connection to database completed!)
02 Apr 2020 17:33:42,622 [Thread-5] repositories.GameRepoJDBC 128 findAllSorted - Exit with(Sorted list of all games)
02 Apr 2020 17:34:24,369 [Thread-0] repositories.GameRepoJDBC 111 findAllSorted - Exit with(Connection to database completed!)
02 Apr 2020 17:34:24,372 [Thread-0] repositories.GameRepoJDBC 128 findAllSorted - Exit with(Sorted list of all games)
02 Apr 2020 17:36:27,246 [Thread-1] repositories.GameRepoJDBC 111 findAllSorted - Exit with(Connection to database completed!)
02 Apr 2020 17:36:27,247 [Thread-1] repositories.GameRepoJDBC 128 findAllSorted - Exit with(Sorted list of all games)
02 Apr 2020 17:41:39,210 [Thread-2] repositories.GameRepoJDBC 111 findAllSorted - Exit with(Connection to database completed!)
02 Apr 2020 17:41:39,212 [Thread-2] repositories.GameRepoJDBC 128 findAllSorted - Exit with(Sorted list of all games)
02 Apr 2020 17:42:47,257 [Thread-0] repositories.GameRepoJDBC 111 findAllSorted - Exit with(Connection to database completed!)
02 Apr 2020 17:42:47,261 [Thread-0] repositories.GameRepoJDBC 128 findAllSorted - Exit with(Sorted list of all games)
02 Apr 2020 17:44:35,425 [Thread-0] repositories.GameRepoJDBC 111 findAllSorted - Exit with(Connection to database completed!)
02 Apr 2020 17:44:35,428 [Thread-0] repositories.GameRepoJDBC 128 findAllSorted - Exit with(Sorted list of all games)
02 Apr 2020 19:12:40,229 [Thread-0] repositories.GameRepoJDBC 111 findAllSorted - Exit with(Connection to database completed!)
02 Apr 2020 19:12:40,233 [Thread-0] repositories.GameRepoJDBC 128 findAllSorted - Exit with(Sorted list of all games)
02 Apr 2020 19:27:04,133 [Thread-1] repositories.GameRepoJDBC 111 findAllSorted - Exit with(Connection to database completed!)
02 Apr 2020 19:27:04,134 [Thread-1] repositories.GameRepoJDBC 128 findAllSorted - Exit with(Sorted list of all games)
02 Apr 2020 19:27:20,555 [Thread-1] repositories.GameRepoJDBC 66 update - Exit with(The game has been validated!)
02 Apr 2020 19:27:20,555 [Thread-1] repositories.GameRepoJDBC 68 update - Exit with(The connection to database is complete!)
02 Apr 2020 19:27:20,562 [Thread-1] repositories.GameRepoJDBC 73 update - Exit with(The game has been updated)
02 Apr 2020 19:27:20,564 [pool-2-thread-1] repositories.GameRepoJDBC 111 findAllSorted - Exit with(Connection to database completed!)
02 Apr 2020 19:27:20,566 [pool-2-thread-1] repositories.GameRepoJDBC 128 findAllSorted - Exit with(Sorted list of all games)
02 Apr 2020 19:27:40,546 [Thread-2] repositories.GameRepoJDBC 111 findAllSorted - Exit with(Connection to database completed!)
02 Apr 2020 19:27:40,548 [Thread-2] repositories.GameRepoJDBC 128 findAllSorted - Exit with(Sorted list of all games)
02 Apr 2020 19:28:04,190 [Thread-2] repositories.GameRepoJDBC 66 update - Exit with(The game has been validated!)
02 Apr 2020 19:28:04,190 [Thread-2] repositories.GameRepoJDBC 68 update - Exit with(The connection to database is complete!)
02 Apr 2020 19:28:04,196 [Thread-2] repositories.GameRepoJDBC 73 update - Exit with(The game has been updated)
02 Apr 2020 19:28:04,197 [pool-3-thread-1] repositories.GameRepoJDBC 111 findAllSorted - Exit with(Connection to database completed!)
02 Apr 2020 19:28:04,197 [pool-3-thread-2] repositories.GameRepoJDBC 111 findAllSorted - Exit with(Connection to database completed!)
02 Apr 2020 19:28:04,199 [pool-3-thread-1] repositories.GameRepoJDBC 128 findAllSorted - Exit with(Sorted list of all games)
02 Apr 2020 19:28:04,199 [pool-3-thread-2] repositories.GameRepoJDBC 128 findAllSorted - Exit with(Sorted list of all games)
02 Apr 2020 20:01:41,376 [Thread-0] repositories.GameRepoJDBC 111 findAllSorted - Exit with(Connection to database completed!)
02 Apr 2020 20:01:41,380 [Thread-0] repositories.GameRepoJDBC 128 findAllSorted - Exit with(Sorted list of all games)
02 Apr 2020 20:02:16,942 [Thread-1] repositories.GameRepoJDBC 111 findAllSorted - Exit with(Connection to database completed!)
02 Apr 2020 20:02:16,943 [Thread-1] repositories.GameRepoJDBC 128 findAllSorted - Exit with(Sorted list of all games)
02 Apr 2020 20:03:31,553 [Thread-0] repositories.GameRepoJDBC 111 findAllSorted - Exit with(Connection to database completed!)
02 Apr 2020 20:03:31,557 [Thread-0] repositories.GameRepoJDBC 128 findAllSorted - Exit with(Sorted list of all games)
02 Apr 2020 20:06:29,303 [Thread-1] repositories.GameRepoJDBC 111 findAllSorted - Exit with(Connection to database completed!)
02 Apr 2020 20:06:29,305 [Thread-1] repositories.GameRepoJDBC 128 findAllSorted - Exit with(Sorted list of all games)
02 Apr 2020 20:13:47,680 [Thread-2] repositories.GameRepoJDBC 111 findAllSorted - Exit with(Connection to database completed!)
02 Apr 2020 20:13:47,682 [Thread-2] repositories.GameRepoJDBC 128 findAllSorted - Exit with(Sorted list of all games)
02 Apr 2020 20:14:23,340 [Thread-3] repositories.GameRepoJDBC 111 findAllSorted - Exit with(Connection to database completed!)
02 Apr 2020 20:14:23,341 [Thread-3] repositories.GameRepoJDBC 128 findAllSorted - Exit with(Sorted list of all games)
02 Apr 2020 20:15:21,694 [Thread-4] repositories.GameRepoJDBC 111 findAllSorted - Exit with(Connection to database completed!)
02 Apr 2020 20:15:21,695 [Thread-4] repositories.GameRepoJDBC 128 findAllSorted - Exit with(Sorted list of all games)
02 Apr 2020 20:17:38,346 [Thread-5] repositories.GameRepoJDBC 111 findAllSorted - Exit with(Connection to database completed!)
02 Apr 2020 20:17:38,347 [Thread-5] repositories.GameRepoJDBC 128 findAllSorted - Exit with(Sorted list of all games)
02 Apr 2020 20:22:56,436 [Thread-6] repositories.GameRepoJDBC 111 findAllSorted - Exit with(Connection to database completed!)
02 Apr 2020 20:22:56,437 [Thread-6] repositories.GameRepoJDBC 128 findAllSorted - Exit with(Sorted list of all games)
02 Apr 2020 20:25:39,190 [Thread-0] repositories.GameRepoJDBC 111 findAllSorted - Exit with(Connection to database completed!)
02 Apr 2020 20:25:39,194 [Thread-0] repositories.GameRepoJDBC 128 findAllSorted - Exit with(Sorted list of all games)
03 Apr 2020 11:55:59,328 [Thread-0] repositories.GameRepoJDBC 111 findAllSorted - Exit with(Connection to database completed!)
03 Apr 2020 11:55:59,336 [Thread-0] repositories.GameRepoJDBC 128 findAllSorted - Exit with(Sorted list of all games)
03 Apr 2020 11:56:05,870 [Thread-1] repositories.GameRepoJDBC 111 findAllSorted - Exit with(Connection to database completed!)
03 Apr 2020 11:56:05,872 [Thread-1] repositories.GameRepoJDBC 128 findAllSorted - Exit with(Sorted list of all games)
03 Apr 2020 11:56:22,038 [Thread-0] repositories.GameRepoJDBC 66 update - Exit with(The game has been validated!)
03 Apr 2020 11:56:22,038 [Thread-0] repositories.GameRepoJDBC 68 update - Exit with(The connection to database is complete!)
03 Apr 2020 11:56:22,046 [Thread-0] repositories.GameRepoJDBC 73 update - Exit with(The game has been updated)
03 Apr 2020 11:56:22,048 [pool-2-thread-1] repositories.GameRepoJDBC 111 findAllSorted - Exit with(Connection to database completed!)
03 Apr 2020 11:56:22,048 [pool-2-thread-2] repositories.GameRepoJDBC 111 findAllSorted - Exit with(Connection to database completed!)
03 Apr 2020 11:56:22,051 [pool-2-thread-2] repositories.GameRepoJDBC 128 findAllSorted - Exit with(Sorted list of all games)
03 Apr 2020 11:56:22,051 [pool-2-thread-1] repositories.GameRepoJDBC 128 findAllSorted - Exit with(Sorted list of all games)
03 Apr 2020 11:56:31,365 [Thread-0] repositories.GameRepoJDBC 66 update - Exit with(The game has been validated!)
03 Apr 2020 11:56:31,365 [Thread-0] repositories.GameRepoJDBC 68 update - Exit with(The connection to database is complete!)
03 Apr 2020 11:56:31,371 [Thread-0] repositories.GameRepoJDBC 73 update - Exit with(The game has been updated)
03 Apr 2020 11:56:31,372 [pool-3-thread-2] repositories.GameRepoJDBC 111 findAllSorted - Exit with(Connection to database completed!)
03 Apr 2020 11:56:31,372 [pool-3-thread-1] repositories.GameRepoJDBC 111 findAllSorted - Exit with(Connection to database completed!)
03 Apr 2020 11:56:31,374 [pool-3-thread-2] repositories.GameRepoJDBC 128 findAllSorted - Exit with(Sorted list of all games)
03 Apr 2020 11:56:31,375 [pool-3-thread-1] repositories.GameRepoJDBC 128 findAllSorted - Exit with(Sorted list of all games)
03 Apr 2020 11:56:46,783 [Thread-0] repositories.GameRepoJDBC 66 update - Exit with(The game has been validated!)
03 Apr 2020 11:56:46,784 [Thread-0] repositories.GameRepoJDBC 68 update - Exit with(The connection to database is complete!)
03 Apr 2020 11:56:46,789 [Thread-0] repositories.GameRepoJDBC 73 update - Exit with(The game has been updated)
03 Apr 2020 11:56:46,790 [pool-4-thread-2] repositories.GameRepoJDBC 111 findAllSorted - Exit with(Connection to database completed!)
03 Apr 2020 11:56:46,790 [pool-4-thread-1] repositories.GameRepoJDBC 111 findAllSorted - Exit with(Connection to database completed!)
03 Apr 2020 11:56:46,792 [pool-4-thread-1] repositories.GameRepoJDBC 128 findAllSorted - Exit with(Sorted list of all games)
03 Apr 2020 11:56:46,792 [pool-4-thread-2] repositories.GameRepoJDBC 128 findAllSorted - Exit with(Sorted list of all games)
03 Apr 2020 12:10:21,991 [Thread-0] repositories.GameRepoJDBC 111 findAllSorted - Exit with(Connection to database completed!)
03 Apr 2020 12:10:21,998 [Thread-0] repositories.GameRepoJDBC 128 findAllSorted - Exit with(Sorted list of all games)
03 Apr 2020 12:10:31,147 [Thread-1] repositories.GameRepoJDBC 111 findAllSorted - Exit with(Connection to database completed!)
03 Apr 2020 12:10:31,148 [Thread-1] repositories.GameRepoJDBC 128 findAllSorted - Exit with(Sorted list of all games)
03 Apr 2020 12:10:52,126 [Thread-0] repositories.GameRepoJDBC 66 update - Exit with(The game has been validated!)
03 Apr 2020 12:10:52,127 [Thread-0] repositories.GameRepoJDBC 68 update - Exit with(The connection to database is complete!)
03 Apr 2020 12:10:52,135 [Thread-0] repositories.GameRepoJDBC 73 update - Exit with(The game has been updated)
03 Apr 2020 12:10:52,139 [pool-2-thread-1] repositories.GameRepoJDBC 111 findAllSorted - Exit with(Connection to database completed!)
03 Apr 2020 12:10:52,139 [pool-2-thread-2] repositories.GameRepoJDBC 111 findAllSorted - Exit with(Connection to database completed!)
03 Apr 2020 12:10:52,142 [pool-2-thread-2] repositories.GameRepoJDBC 128 findAllSorted - Exit with(Sorted list of all games)
03 Apr 2020 12:10:52,142 [pool-2-thread-1] repositories.GameRepoJDBC 128 findAllSorted - Exit with(Sorted list of all games)
03 Apr 2020 12:11:04,102 [Thread-1] repositories.GameRepoJDBC 66 update - Exit with(The game has been validated!)
03 Apr 2020 12:11:04,103 [Thread-1] repositories.GameRepoJDBC 68 update - Exit with(The connection to database is complete!)
03 Apr 2020 12:11:04,109 [Thread-1] repositories.GameRepoJDBC 73 update - Exit with(The game has been updated)
03 Apr 2020 12:11:04,111 [pool-3-thread-2] repositories.GameRepoJDBC 111 findAllSorted - Exit with(Connection to database completed!)
03 Apr 2020 12:11:04,111 [pool-3-thread-1] repositories.GameRepoJDBC 111 findAllSorted - Exit with(Connection to database completed!)
03 Apr 2020 12:11:04,113 [pool-3-thread-2] repositories.GameRepoJDBC 128 findAllSorted - Exit with(Sorted list of all games)
03 Apr 2020 12:11:04,113 [pool-3-thread-1] repositories.GameRepoJDBC 128 findAllSorted - Exit with(Sorted list of all games)
